<?xml version="1.0" encoding="UTF-8"?>
<!-- Generated by org.testng.reporters.JUnitReportReporter -->
<testsuite hostname="LTIN230711" failures="0" tests="18" name="TestCases.TC003_UpcomingBikePage" time="147.548" errors="0" timestamp="2024-02-13T20:08:34 IST" skipped="0">
  <testcase classname="TestCases.TC003_UpcomingBikePage" name="test1" time="0.701"/>
  <system-out/>
  <testcase classname="TestCases.TC003_UpcomingBikePage" name="test1" time="0.913"/>
  <system-out/>
  <testcase classname="TestCases.TC003_UpcomingBikePage" name="test2" time="10.234"/>
  <system-out/>
  <testcase classname="TestCases.TC003_UpcomingBikePage" name="test2" time="12.175"/>
  <system-out/>
  <testcase classname="TestCases.TC003_UpcomingBikePage" name="test3" time="28.430"/>
  <system-out/>
  <testcase classname="TestCases.TC003_UpcomingBikePage" name="test3" time="30.022"/>
  <system-out/>
  <testcase classname="TestCases.TC003_UpcomingBikePage" name="test4" time="1.583"/>
  <system-out/>
  <testcase classname="TestCases.TC003_UpcomingBikePage" name="test4" time="1.429"/>
  <system-out/>
  <testcase classname="TestCases.TC003_UpcomingBikePage" name="Test5" time="1.928"/>
  <system-out/>
  <testcase classname="TestCases.TC003_UpcomingBikePage" name="Test5" time="1.532"/>
  <system-out/>
  <testcase classname="TestCases.TC003_UpcomingBikePage" name="test6" time="2.763"/>
  <system-out/>
  <testcase classname="TestCases.TC003_UpcomingBikePage" name="test6" time="1.220"/>
  <system-out/>
  <testcase classname="TestCases.TC003_UpcomingBikePage" name="test7" time="21.386"/>
  <system-out/>
  <testcase classname="TestCases.TC003_UpcomingBikePage" name="test7" time="11.882"/>
  <system-out/>
  <testcase classname="TestCases.TC003_UpcomingBikePage" name="test8" time="1.723"/>
  <system-out/>
  <testcase classname="TestCases.TC003_UpcomingBikePage" name="test8" time="1.705"/>
  <system-out/>
  <testcase classname="TestCases.TC003_UpcomingBikePage" name="Test9" time="7.851"/>
  <system-out/>
  <testcase classname="TestCases.TC003_UpcomingBikePage" name="Test9" time="10.071"/>
  <system-out/>
</testsuite> <!-- TestCases.TC003_UpcomingBikePage -->
