<?xml version="1.0" encoding="UTF-8"?>
<!-- Generated by org.testng.reporters.JUnitReportReporter -->
<testsuite hostname="LTIN230711" failures="0" tests="9" name="TestCases.TC003_UpcomingBikePage" time="69.059" errors="0" timestamp="2024-02-09T20:31:44 IST" skipped="0">
  <testcase classname="TestCases.TC003_UpcomingBikePage" name="test1" time="1.314"/>
  <system-out/>
  <testcase classname="TestCases.TC003_UpcomingBikePage" name="test2" time="9.616"/>
  <system-out/>
  <testcase classname="TestCases.TC003_UpcomingBikePage" name="test3" time="28.084"/>
  <system-out/>
  <testcase classname="TestCases.TC003_UpcomingBikePage" name="test4" time="1.993"/>
  <system-out/>
  <testcase classname="TestCases.TC003_UpcomingBikePage" name="Test5" time="2.953"/>
  <system-out/>
  <testcase classname="TestCases.TC003_UpcomingBikePage" name="test6" time="2.388"/>
  <system-out/>
  <testcase classname="TestCases.TC003_UpcomingBikePage" name="test7" time="12.323"/>
  <system-out/>
  <testcase classname="TestCases.TC003_UpcomingBikePage" name="test8" time="1.621"/>
  <system-out/>
  <testcase classname="TestCases.TC003_UpcomingBikePage" name="Test9" time="8.767"/>
  <system-out/>
</testsuite> <!-- TestCases.TC003_UpcomingBikePage -->
